<?xml version="1.0" encoding="UTF-8"?>
<!-- Generated by org.testng.reporters.JUnitReportReporter -->
<testsuite hostname="BINTERNS-QA31L" failures="0" tests="34" name="Netmeds_Test.Netmeds_Test_2" time="127.178" errors="0" timestamp="2023-05-10T12:53:17 IST" skipped="0">
  <testcase classname="Netmeds_Test.Netmeds_Test_2" name="Lab_Tests" time="3.224"/>
  <system-out/>
  <testcase classname="Netmeds_Test.Netmeds_Test_2" name="Health_packages3" time="2.220"/>
  <system-out/>
  <testcase classname="Netmeds_Test.Netmeds_Test_2" name="Health_packages1" time="4.337"/>
  <system-out/>
  <testcase classname="Netmeds_Test.Netmeds_Test_2" name="Health_packages2" time="2.117"/>
  <system-out/>
  <testcase classname="Netmeds_Test.Netmeds_Test_2" name="Beauty_Fragrances" time="5.930"/>
  <system-out/>
  <testcase classname="Netmeds_Test.Netmeds_Test_2" name="Beauty_Hair" time="5.510"/>
  <system-out/>
  <testcase classname="Netmeds_Test.Netmeds_Test_2" name="Beauty_Makeup" time="13.877"/>
  <system-out/>
  <testcase classname="Netmeds_Test.Netmeds_Test_2" name="Beauty_MomBaby" time="16.192"/>
  <system-out/>
  <testcase classname="Netmeds_Test.Netmeds_Test_2" name="Beauty_PersonalCare" time="18.796"/>
  <system-out/>
  <testcase classname="Netmeds_Test.Netmeds_Test_2" name="Beauty_SkinCare" time="10.616"/>
  <system-out/>
  <testcase classname="Netmeds_Test.Netmeds_Test_2" name="Beauty_Tools" time="5.463"/>
  <system-out/>
  <testcase classname="Netmeds_Test.Netmeds_Test_2" name="Health_Corner_HealthLibrary" time="5.084"/>
  <system-out/>
  <testcase classname="Netmeds_Test.Netmeds_Test_2" name="Health_Library" time="0.201"/>
  <system-out/>
  <testcase classname="Netmeds_Test.Netmeds_Test_2" name="Patients_alike" time="2.482"/>
  <system-out/>
  <testcase classname="Netmeds_Test.Netmeds_Test_2" name="CoronaAwarenes" time="2.073"/>
  <system-out/>
  <testcase classname="Netmeds_Test.Netmeds_Test_2" name="Offers" time="0.936"/>
  <system-out/>
  <testcase classname="Netmeds_Test.Netmeds_Test_2" name="Select_Offer" time="3.064"/>
  <system-out/>
  <testcase classname="Netmeds_Test.Netmeds_Test_2" name="View_Offer" time="0.177"/>
  <system-out/>
  <testcase classname="Netmeds_Test.Netmeds_Test_2" name="Count_Offers" time="2.949"/>
  <system-out/>
  <testcase classname="Netmeds_Test.Netmeds_Test_2" name="Add_to_Cart" time="3.424"/>
  <system-out/>
  <testcase classname="Netmeds_Test.Netmeds_Test_2" name="Count_Items" time="2.020"/>
  <system-out/>
  <testcase classname="Netmeds_Test.Netmeds_Test_2" name="Item_Info" time="2.037"/>
  <system-out/>
  <testcase classname="Netmeds_Test.Netmeds_Test_2" name="Add_Item" time="3.288"/>
  <system-out/>
  <testcase classname="Netmeds_Test.Netmeds_Test_2" name="Order_Count" time="1.774"/>
  <system-out/>
  <testcase classname="Netmeds_Test.Netmeds_Test_2" name="Order_Summary" time="0.184"/>
  <system-out/>
  <testcase classname="Netmeds_Test.Netmeds_Test_2" name="Cart" time="3.521"/>
  <system-out/>
  <testcase classname="Netmeds_Test.Netmeds_Test_2" name="Cart_Product" time="0.048"/>
  <system-out/>
  <testcase classname="Netmeds_Test.Netmeds_Test_2" name="Apply_PromoCode" time="0.077"/>
  <system-out/>
  <testcase classname="Netmeds_Test.Netmeds_Test_2" name="Coupon_List" time="0.047"/>
  <system-out/>
  <testcase classname="Netmeds_Test.Netmeds_Test_2" name="Sel_Coupon" time="0.059"/>
  <system-out/>
  <testcase classname="Netmeds_Test.Netmeds_Test_2" name="Payment_Details" time="0.086"/>
  <system-out/>
  <testcase classname="Netmeds_Test.Netmeds_Test_2" name="Proceed" time="0.152"/>
  <system-out/>
  <testcase classname="Netmeds_Test.Netmeds_Test_2" name="Delivery_Status" time="2.049"/>
  <system-out/>
  <testcase classname="Netmeds_Test.Netmeds_Test_2" name="Remove_Product" time="3.164"/>
  <system-out/>
</testsuite> <!-- Netmeds_Test.Netmeds_Test_2 -->
