<?xml version="1.0" encoding="UTF-8"?>
<!-- Generated by org.testng.reporters.JUnitReportReporter -->
<testsuite hostname="BINTERNS-QA31L" failures="0" tests="12" name="Netmeds_Test.Netmeds_Test_1" time="52.447" errors="0" timestamp="2023-05-04T17:27:35 IST" skipped="2">
  <testcase classname="Netmeds_Test.Netmeds_Test_1" name="Logo_Visibility" time="2.054"/>
  <system-out/>
  <testcase classname="Netmeds_Test.Netmeds_Test_1" name="Search" time="8.881"/>
  <system-out/>
  <testcase classname="Netmeds_Test.Netmeds_Test_1" name="Medicine" time="10.022"/>
  <system-out/>
  <testcase classname="Netmeds_Test.Netmeds_Test_1" name="Wellness_Ayush" time="8.389"/>
  <system-out/>
  <testcase classname="Netmeds_Test.Netmeds_Test_1" name="Wellness_CovidEssentials" time="1.319"/>
  <system-out/>
  <testcase classname="Netmeds_Test.Netmeds_Test_1" name="Wellness_Devices" time="3.513"/>
  <system-out/>
  <testcase classname="Netmeds_Test.Netmeds_Test_1" name="Wellness_Diabetes_Support" time="4.154"/>
  <system-out/>
  <testcase classname="Netmeds_Test.Netmeds_Test_1" name="Wellness_Eyewear" time="3.341"/>
  <system-out/>
  <testcase classname="Netmeds_Test.Netmeds_Test_1" name="Wellness_Fitness" time="5.370"/>
  <system-out/>
  <testcase classname="Netmeds_Test.Netmeds_Test_1" name="Wellness_Health_Conditions" time="5.404"/>
  <system-out/>
  <testcase classname="Netmeds_Test.Netmeds_Test_1" name="Buy_Again">
    <skipped/>
  </testcase> <!-- Buy_Again -->
  <system-out/>
  <testcase classname="Netmeds_Test.Netmeds_Test_1" name="Sign_In">
    <skipped/>
  </testcase> <!-- Sign_In -->
  <system-out/>
</testsuite> <!-- Netmeds_Test.Netmeds_Test_1 -->
