<?xml version="1.0" encoding="UTF-8"?>
<!-- Generated by org.testng.reporters.JUnitReportReporter -->
<testsuite hostname="BINTERNS-QA31L" failures="0" tests="25" name="Netmeds_Test.Netmeds_Test_2" time="75.340" errors="0" timestamp="2023-05-04T17:27:35 IST" skipped="0">
  <testcase classname="Netmeds_Test.Netmeds_Test_2" name="Lab_Tests" time="3.271"/>
  <system-out/>
  <testcase classname="Netmeds_Test.Netmeds_Test_2" name="Health_packages" time="4.556"/>
  <system-out/>
  <testcase classname="Netmeds_Test.Netmeds_Test_2" name="Beauty_Fragrances" time="5.421"/>
  <system-out/>
  <testcase classname="Netmeds_Test.Netmeds_Test_2" name="Beauty_Hair" time="5.242"/>
  <system-out/>
  <testcase classname="Netmeds_Test.Netmeds_Test_2" name="Beauty_Makeup" time="5.278"/>
  <system-out/>
  <testcase classname="Netmeds_Test.Netmeds_Test_2" name="Beauty_MomBaby" time="5.400"/>
  <system-out/>
  <testcase classname="Netmeds_Test.Netmeds_Test_2" name="Beauty_PersonalCare" time="5.497"/>
  <system-out/>
  <testcase classname="Netmeds_Test.Netmeds_Test_2" name="Beauty_SkinCare" time="5.335"/>
  <system-out/>
  <testcase classname="Netmeds_Test.Netmeds_Test_2" name="Beauty_Tools" time="5.279"/>
  <system-out/>
  <testcase classname="Netmeds_Test.Netmeds_Test_2" name="Health_Corner_HealthLibrary" time="4.087"/>
  <system-out/>
  <testcase classname="Netmeds_Test.Netmeds_Test_2" name="Health_Library" time="0.043"/>
  <system-out/>
  <testcase classname="Netmeds_Test.Netmeds_Test_2" name="Patients_alike" time="2.593"/>
  <system-out/>
  <testcase classname="Netmeds_Test.Netmeds_Test_2" name="CoronaAwarenes" time="1.404"/>
  <system-out/>
  <testcase classname="Netmeds_Test.Netmeds_Test_2" name="Offers" time="0.695"/>
  <system-out/>
  <testcase classname="Netmeds_Test.Netmeds_Test_2" name="Select_Offer" time="3.251"/>
  <system-out/>
  <testcase classname="Netmeds_Test.Netmeds_Test_2" name="View_Offer" time="0.151"/>
  <system-out/>
  <testcase classname="Netmeds_Test.Netmeds_Test_2" name="Count_Offers" time="3.380"/>
  <system-out/>
  <testcase classname="Netmeds_Test.Netmeds_Test_2" name="Add_to_Cart" time="3.171"/>
  <system-out/>
  <testcase classname="Netmeds_Test.Netmeds_Test_2" name="Count_Items" time="2.035"/>
  <system-out/>
  <testcase classname="Netmeds_Test.Netmeds_Test_2" name="Item_Info" time="2.049"/>
  <system-out/>
  <testcase classname="Netmeds_Test.Netmeds_Test_2" name="Add_Item" time="2.906"/>
  <system-out/>
  <testcase classname="Netmeds_Test.Netmeds_Test_2" name="Order_Count" time="0.686"/>
  <system-out/>
  <testcase classname="Netmeds_Test.Netmeds_Test_2" name="Order_Summary" time="0.029"/>
  <system-out/>
  <testcase classname="Netmeds_Test.Netmeds_Test_2" name="Cart" time="3.520"/>
  <system-out/>
  <testcase classname="Netmeds_Test.Netmeds_Test_2" name="Cart_Product" time="0.061"/>
  <system-out/>
</testsuite> <!-- Netmeds_Test.Netmeds_Test_2 -->
